# JRE version: OpenJDK Runtime Environment Temurin-17.0.4.1+1 (17.0.4.1+1) (build 17.0.4.1+1)
# Java VM: OpenJDK 64-Bit Server VM Temurin-17.0.4.1+1 (17.0.4.1+1, mixed mode, tiered, compressed oops, compressed class ptrs, parallel gc, windows-amd64)
GC Precious Log:
 CPUs: 8 total, 8 available
 Memory: 16167M
 Large Page Support: Disabled
 NUMA Support: Disabled
 Compressed Oops: Enabled (32-bit)
 Alignments: Space 512K, Generation 512K, Heap 2M
 Heap Min Capacity: 100M
 Heap Initial Capacity: 100M
 Heap Max Capacity: 1G
 Pre-touch: Disabled
 Parallel Workers: 8
Heap:
 PSYoungGen      total 24064K, used 13580K [0x00000000eab00000, 0x00000000ec580000, 0x0000000100000000)
  eden space 22016K, 53% used [0x00000000eab00000,0x00000000eb67ae18,0x00000000ec080000)
  from space 2048K, 89% used [0x00000000ec180000,0x00000000ec348510,0x00000000ec380000)
  to   space 2048K, 0% used [0x00000000ec380000,0x00000000ec380000,0x00000000ec580000)
 ParOldGen       total 68608K, used 21837K [0x00000000c0000000, 0x00000000c4300000, 0x00000000eab00000)
  object space 68608K, 31% used [0x00000000c0000000,0x00000000c15534e0,0x00000000c4300000)
 Metaspace       used 52581K, committed 53376K, reserved 1097728K
  class space    used 5738K, committed 6080K, reserved 1048576K
GC Heap History (20 events):
Event: 4.490 GC heap before
{Heap before GC invocations=10 (full 1):
 PSYoungGen      total 24576K, used 2849K [0x00000000eab00000, 0x00000000ec900000, 0x0000000100000000)
  eden space 23552K, 7% used [0x00000000eab00000,0x00000000eaccb2e8,0x00000000ec200000)
  from space 1024K, 98% used [0x00000000ec680000,0x00000000ec77d410,0x00000000ec780000)
  to   space 3584K, 0% used [0x00000000ec200000,0x00000000ec200000,0x00000000ec580000)
 ParOldGen       total 68608K, used 10994K [0x00000000c0000000, 0x00000000c4300000, 0x00000000eab00000)
  object space 68608K, 16% used [0x00000000c0000000,0x00000000c0abcbe0,0x00000000c4300000)
 Metaspace       used 35106K, committed 35840K, reserved 1081344K
  class space    used 3631K, committed 3968K, reserved 1048576K
}
Event: 4.491 GC heap after
{Heap after GC invocations=10 (full 1):
 PSYoungGen      total 24576K, used 717K [0x00000000eab00000, 0x00000000ec700000, 0x0000000100000000)
  eden space 23552K, 0% used [0x00000000eab00000,0x00000000eab00000,0x00000000ec200000)
  from space 1024K, 70% used [0x00000000ec200000,0x00000000ec2b35e8,0x00000000ec300000)
  to   space 2048K, 0% used [0x00000000ec500000,0x00000000ec500000,0x00000000ec700000)
 ParOldGen       total 68608K, used 11411K [0x00000000c0000000, 0x00000000c4300000, 0x00000000eab00000)
  object space 68608K, 16% used [0x00000000c0000000,0x00000000c0b24e88,0x00000000c4300000)
 Metaspace       used 35106K, committed 35840K, reserved 1081344K
  class space    used 3631K, committed 3968K, reserved 1048576K
}
Event: 4.491 GC heap before
{Heap before GC invocations=11 (full 2):
 PSYoungGen      total 24576K, used 717K [0x00000000eab00000, 0x00000000ec700000, 0x0000000100000000)
  eden space 23552K, 0% used [0x00000000eab00000,0x00000000eab00000,0x00000000ec200000)
  from space 1024K, 70% used [0x00000000ec200000,0x00000000ec2b35e8,0x00000000ec300000)
  to   space 2048K, 0% used [0x00000000ec500000,0x00000000ec500000,0x00000000ec700000)
 ParOldGen       total 68608K, used 11411K [0x00000000c0000000, 0x00000000c4300000, 0x00000000eab00000)
  object space 68608K, 16% used [0x00000000c0000000,0x00000000c0b24e88,0x00000000c4300000)
 Metaspace       used 35106K, committed 35840K, reserved 1081344K
  class space    used 3631K, committed 3968K, reserved 1048576K
}
Event: 4.513 GC heap after
{Heap after GC invocations=11 (full 2):
 PSYoungGen      total 24576K, used 0K [0x00000000eab00000, 0x00000000ec700000, 0x0000000100000000)
  eden space 23552K, 0% used [0x00000000eab00000,0x00000000eab00000,0x00000000ec200000)
  from space 1024K, 0% used [0x00000000ec200000,0x00000000ec200000,0x00000000ec300000)
  to   space 2048K, 0% used [0x00000000ec500000,0x00000000ec500000,0x00000000ec700000)
 ParOldGen       total 68608K, used 11913K [0x00000000c0000000, 0x00000000c4300000, 0x00000000eab00000)
  object space 68608K, 17% used [0x00000000c0000000,0x00000000c0ba2600,0x00000000c4300000)
 Metaspace       used 35106K, committed 35840K, reserved 1081344K
  class space    used 3631K, committed 3968K, reserved 1048576K
}
Event: 4.902 GC heap before
{Heap before GC invocations=12 (full 2):
 PSYoungGen      total 24576K, used 23552K [0x00000000eab00000, 0x00000000ec700000, 0x0000000100000000)
  eden space 23552K, 100% used [0x00000000eab00000,0x00000000ec200000,0x00000000ec200000)
  from space 1024K, 0% used [0x00000000ec200000,0x00000000ec200000,0x00000000ec300000)
  to   space 2048K, 0% used [0x00000000ec500000,0x00000000ec500000,0x00000000ec700000)
 ParOldGen       total 68608K, used 11922K [0x00000000c0000000, 0x00000000c4300000, 0x00000000eab00000)
  object space 68608K, 17% used [0x00000000c0000000,0x00000000c0ba4850,0x00000000c4300000)
 Metaspace       used 37493K, committed 38336K, reserved 1089536K
  class space    used 3944K, committed 4288K, reserved 1048576K
}
Event: 4.904 GC heap after
{Heap after GC invocations=12 (full 2):
 PSYoungGen      total 25088K, used 1049K [0x00000000eab00000, 0x00000000ec680000, 0x0000000100000000)
  eden space 23552K, 0% used [0x00000000eab00000,0x00000000eab00000,0x00000000ec200000)
  from space 1536K, 68% used [0x00000000ec500000,0x00000000ec6064c0,0x00000000ec680000)
  to   space 1536K, 0% used [0x00000000ec380000,0x00000000ec380000,0x00000000ec500000)
 ParOldGen       total 68608K, used 11930K [0x00000000c0000000, 0x00000000c4300000, 0x00000000eab00000)
  object space 68608K, 17% used [0x00000000c0000000,0x00000000c0ba6850,0x00000000c4300000)
 Metaspace       used 37493K, committed 38336K, reserved 1089536K
  class space    used 3944K, committed 4288K, reserved 1048576K
}
Event: 5.467 GC heap before
{Heap before GC invocations=13 (full 2):
 PSYoungGen      total 25088K, used 24601K [0x00000000eab00000, 0x00000000ec680000, 0x0000000100000000)
  eden space 23552K, 100% used [0x00000000eab00000,0x00000000ec200000,0x00000000ec200000)
  from space 1536K, 68% used [0x00000000ec500000,0x00000000ec6064c0,0x00000000ec680000)
  to   space 1536K, 0% used [0x00000000ec380000,0x00000000ec380000,0x00000000ec500000)
 ParOldGen       total 68608K, used 11933K [0x00000000c0000000, 0x00000000c4300000, 0x00000000eab00000)
  object space 68608K, 17% used [0x00000000c0000000,0x00000000c0ba7538,0x00000000c4300000)
 Metaspace       used 40436K, committed 41152K, reserved 1089536K
  class space    used 4313K, committed 4608K, reserved 1048576K
}
Event: 5.469 GC heap after
{Heap after GC invocations=13 (full 2):
 PSYoungGen      total 24576K, used 1056K [0x00000000eab00000, 0x00000000ec580000, 0x0000000100000000)
  eden space 23040K, 0% used [0x00000000eab00000,0x00000000eab00000,0x00000000ec180000)
  from space 1536K, 68% used [0x00000000ec380000,0x00000000ec488000,0x00000000ec500000)
  to   space 512K, 0% used [0x00000000ec500000,0x00000000ec500000,0x00000000ec580000)
 ParOldGen       total 68608K, used 12799K [0x00000000c0000000, 0x00000000c4300000, 0x00000000eab00000)
  object space 68608K, 18% used [0x00000000c0000000,0x00000000c0c7fc68,0x00000000c4300000)
 Metaspace       used 40436K, committed 41152K, reserved 1089536K
  class space    used 4313K, committed 4608K, reserved 1048576K
}
Event: 6.085 GC heap before
{Heap before GC invocations=14 (full 2):
 PSYoungGen      total 24576K, used 24096K [0x00000000eab00000, 0x00000000ec580000, 0x0000000100000000)
  eden space 23040K, 100% used [0x00000000eab00000,0x00000000ec180000,0x00000000ec180000)
  from space 1536K, 68% used [0x00000000ec380000,0x00000000ec488000,0x00000000ec500000)
  to   space 512K, 0% used [0x00000000ec500000,0x00000000ec500000,0x00000000ec580000)
 ParOldGen       total 68608K, used 12799K [0x00000000c0000000, 0x00000000c4300000, 0x00000000eab00000)
  object space 68608K, 18% used [0x00000000c0000000,0x00000000c0c7fc68,0x00000000c4300000)
 Metaspace       used 43661K, committed 44480K, reserved 1089536K
  class space    used 4704K, committed 5056K, reserved 1048576K
}
Event: 6.088 GC heap after
{Heap after GC invocations=14 (full 2):
 PSYoungGen      total 23040K, used 495K [0x00000000eab00000, 0x00000000ec700000, 0x0000000100000000)
  eden space 22528K, 0% used [0x00000000eab00000,0x00000000eab00000,0x00000000ec100000)
  from space 512K, 96% used [0x00000000ec500000,0x00000000ec57bc58,0x00000000ec580000)
  to   space 3072K, 0% used [0x00000000ec100000,0x00000000ec100000,0x00000000ec400000)
 ParOldGen       total 68608K, used 15059K [0x00000000c0000000, 0x00000000c4300000, 0x00000000eab00000)
  object space 68608K, 21% used [0x00000000c0000000,0x00000000c0eb4ea8,0x00000000c4300000)
 Metaspace       used 43661K, committed 44480K, reserved 1089536K
  class space    used 4704K, committed 5056K, reserved 1048576K
}
Event: 7.447 GC heap before
{Heap before GC invocations=15 (full 2):
 PSYoungGen      total 23040K, used 23023K [0x00000000eab00000, 0x00000000ec700000, 0x0000000100000000)
  eden space 22528K, 100% used [0x00000000eab00000,0x00000000ec100000,0x00000000ec100000)
  from space 512K, 96% used [0x00000000ec500000,0x00000000ec57bc58,0x00000000ec580000)
  to   space 3072K, 0% used [0x00000000ec100000,0x00000000ec100000,0x00000000ec400000)
 ParOldGen       total 68608K, used 15059K [0x00000000c0000000, 0x00000000c4300000, 0x00000000eab00000)
  object space 68608K, 21% used [0x00000000c0000000,0x00000000c0eb4ea8,0x00000000c4300000)
 Metaspace       used 47059K, committed 47872K, reserved 1097728K
  class space    used 5140K, committed 5504K, reserved 1048576K
}
Event: 7.448 GC heap after
{Heap after GC invocations=15 (full 2):
 PSYoungGen      total 24064K, used 2037K [0x00000000eab00000, 0x00000000ec580000, 0x0000000100000000)
  eden space 22016K, 0% used [0x00000000eab00000,0x00000000eab00000,0x00000000ec080000)
  from space 2048K, 99% used [0x00000000ec100000,0x00000000ec2fd678,0x00000000ec300000)
  to   space 2560K, 0% used [0x00000000ec300000,0x00000000ec300000,0x00000000ec580000)
 ParOldGen       total 68608K, used 15572K [0x00000000c0000000, 0x00000000c4300000, 0x00000000eab00000)
  object space 68608K, 22% used [0x00000000c0000000,0x00000000c0f35018,0x00000000c4300000)
 Metaspace       used 47059K, committed 47872K, reserved 1097728K
  class space    used 5140K, committed 5504K, reserved 1048576K
}
Event: 8.643 GC heap before
{Heap before GC invocations=16 (full 2):
 PSYoungGen      total 24064K, used 22544K [0x00000000eab00000, 0x00000000ec580000, 0x0000000100000000)
  eden space 22016K, 93% used [0x00000000eab00000,0x00000000ebf06d40,0x00000000ec080000)
  from space 2048K, 99% used [0x00000000ec100000,0x00000000ec2fd678,0x00000000ec300000)
  to   space 2560K, 0% used [0x00000000ec300000,0x00000000ec300000,0x00000000ec580000)
 ParOldGen       total 68608K, used 15572K [0x00000000c0000000, 0x00000000c4300000, 0x00000000eab00000)
  object space 68608K, 22% used [0x00000000c0000000,0x00000000c0f35018,0x00000000c4300000)
 Metaspace       used 49067K, committed 49920K, reserved 1097728K
  class space    used 5382K, committed 5696K, reserved 1048576K
}
Event: 8.646 GC heap after
{Heap after GC invocations=16 (full 2):
 PSYoungGen      total 24064K, used 1552K [0x00000000eab00000, 0x00000000ec500000, 0x0000000100000000)
  eden space 22016K, 0% used [0x00000000eab00000,0x00000000eab00000,0x00000000ec080000)
  from space 2048K, 75% used [0x00000000ec300000,0x00000000ec484010,0x00000000ec500000)
  to   space 2048K, 0% used [0x00000000ec100000,0x00000000ec100000,0x00000000ec300000)
 ParOldGen       total 68608K, used 17553K [0x00000000c0000000, 0x00000000c4300000, 0x00000000eab00000)
  object space 68608K, 25% used [0x00000000c0000000,0x00000000c11246d0,0x00000000c4300000)
 Metaspace       used 49067K, committed 49920K, reserved 1097728K
  class space    used 5382K, committed 5696K, reserved 1048576K
}
Event: 8.886 GC heap before
{Heap before GC invocations=17 (full 2):
 PSYoungGen      total 24064K, used 23568K [0x00000000eab00000, 0x00000000ec500000, 0x0000000100000000)
  eden space 22016K, 100% used [0x00000000eab00000,0x00000000ec080000,0x00000000ec080000)
  from space 2048K, 75% used [0x00000000ec300000,0x00000000ec484010,0x00000000ec500000)
  to   space 2048K, 0% used [0x00000000ec100000,0x00000000ec100000,0x00000000ec300000)
 ParOldGen       total 68608K, used 17553K [0x00000000c0000000, 0x00000000c4300000, 0x00000000eab00000)
  object space 68608K, 25% used [0x00000000c0000000,0x00000000c11246d0,0x00000000c4300000)
 Metaspace       used 49413K, committed 50240K, reserved 1097728K
  class space    used 5414K, committed 5760K, reserved 1048576K
}
Event: 8.889 GC heap after
{Heap after GC invocations=17 (full 2):
 PSYoungGen      total 24064K, used 2048K [0x00000000eab00000, 0x00000000ec980000, 0x0000000100000000)
  eden space 22016K, 0% used [0x00000000eab00000,0x00000000eab00000,0x00000000ec080000)
  from space 2048K, 100% used [0x00000000ec100000,0x00000000ec300000,0x00000000ec300000)
  to   space 4608K, 0% used [0x00000000ec500000,0x00000000ec500000,0x00000000ec980000)
 ParOldGen       total 68608K, used 19654K [0x00000000c0000000, 0x00000000c4300000, 0x00000000eab00000)
  object space 68608K, 28% used [0x00000000c0000000,0x00000000c1331bb0,0x00000000c4300000)
 Metaspace       used 49413K, committed 50240K, reserved 1097728K
  class space    used 5414K, committed 5760K, reserved 1048576K
}
Event: 9.929 GC heap before
{Heap before GC invocations=18 (full 2):
 PSYoungGen      total 24064K, used 24064K [0x00000000eab00000, 0x00000000ec980000, 0x0000000100000000)
  eden space 22016K, 100% used [0x00000000eab00000,0x00000000ec080000,0x00000000ec080000)
  from space 2048K, 100% used [0x00000000ec100000,0x00000000ec300000,0x00000000ec300000)
  to   space 4608K, 0% used [0x00000000ec500000,0x00000000ec500000,0x00000000ec980000)
 ParOldGen       total 68608K, used 19654K [0x00000000c0000000, 0x00000000c4300000, 0x00000000eab00000)
  object space 68608K, 28% used [0x00000000c0000000,0x00000000c1331bb0,0x00000000c4300000)
 Metaspace       used 49965K, committed 50816K, reserved 1097728K
  class space    used 5464K, committed 5824K, reserved 1048576K
}
Event: 9.931 GC heap after
{Heap after GC invocations=18 (full 2):
 PSYoungGen      total 22528K, used 448K [0x00000000eab00000, 0x00000000ec580000, 0x0000000100000000)
  eden space 22016K, 0% used [0x00000000eab00000,0x00000000eab00000,0x00000000ec080000)
  from space 512K, 87% used [0x00000000ec500000,0x00000000ec570000,0x00000000ec580000)
  to   space 2048K, 0% used [0x00000000ec180000,0x00000000ec180000,0x00000000ec380000)
 ParOldGen       total 68608K, used 21519K [0x00000000c0000000, 0x00000000c4300000, 0x00000000eab00000)
  object space 68608K, 31% used [0x00000000c0000000,0x00000000c1503d30,0x00000000c4300000)
 Metaspace       used 49965K, committed 50816K, reserved 1097728K
  class space    used 5464K, committed 5824K, reserved 1048576K
}
Event: 10.415 GC heap before
{Heap before GC invocations=19 (full 2):
 PSYoungGen      total 22528K, used 22464K [0x00000000eab00000, 0x00000000ec580000, 0x0000000100000000)
  eden space 22016K, 100% used [0x00000000eab00000,0x00000000ec080000,0x00000000ec080000)
  from space 512K, 87% used [0x00000000ec500000,0x00000000ec570000,0x00000000ec580000)
  to   space 2048K, 0% used [0x00000000ec180000,0x00000000ec180000,0x00000000ec380000)
 ParOldGen       total 68608K, used 21519K [0x00000000c0000000, 0x00000000c4300000, 0x00000000eab00000)
  object space 68608K, 31% used [0x00000000c0000000,0x00000000c1503d30,0x00000000c4300000)
 Metaspace       used 52515K, committed 53312K, reserved 1097728K
  class space    used 5734K, committed 6080K, reserved 1048576K
}
Event: 10.419 GC heap after
{Heap after GC invocations=19 (full 2):
 PSYoungGen      total 24064K, used 1825K [0x00000000eab00000, 0x00000000ec580000, 0x0000000100000000)
  eden space 22016K, 0% used [0x00000000eab00000,0x00000000eab00000,0x00000000ec080000)
  from space 2048K, 89% used [0x00000000ec180000,0x00000000ec348510,0x00000000ec380000)
  to   space 2048K, 0% used [0x00000000ec380000,0x00000000ec380000,0x00000000ec580000)
 ParOldGen       total 68608K, used 21837K [0x00000000c0000000, 0x00000000c4300000, 0x00000000eab00000)
  object space 68608K, 31% used [0x00000000c0000000,0x00000000c15534e0,0x00000000c4300000)
 Metaspace       used 52515K, committed 53312K, reserved 1097728K
  class space    used 5734K, committed 6080K, reserved 1048576K
}

